[2015-06-09 12:01:15] START
[2015-06-09 12:01:15] EDIT w2panalytics/static/js/lplot.js: 0
[2015-06-09 12:04:02] EDIT w2panalytics/static/js/lplot.js: 2
[2015-06-09 12:04:20] EDIT w2panalytics/static/js/lplot.js: -2
[2015-06-09 12:12:28] EDIT w2panalytics/views/layout.html: 2
[2015-06-09 12:13:57] EDIT w2panalytics/views/layout.html: 0
[2015-06-09 12:15:30] EDIT w2panalytics/views/layout.html: -2
[2015-06-09 12:16:29] EDIT w2panalytics/views/layout.html: 1
[2015-06-09 12:18:57] EDIT w2panalytics/views/layout.html: 3
[2015-06-09 12:19:01] EDIT w2panalytics/views/layout.html: 0
[2015-06-09 12:20:16] EDIT w2panalytics/views/layout.html: -3
[2015-06-09 12:20:17] EDIT w2panalytics/views/layout.html: 0
[2015-06-09 12:20:52] EDIT w2panalytics/views/layout.html: -1
[2015-06-09 12:21:14] EDIT w2panalytics/views/layout.html: 0
[2015-06-09 12:24:46] EDIT w2panalytics/views/layout.html: 0
[2015-06-09 12:26:22] EDIT w2panalytics/views/layout.html: 0
[2015-06-09 12:28:20] EDIT w2panalytics/views/layout.html: 0
[2015-06-09 12:28:22] EDIT w2panalytics/views/layout.html: 0
[2015-06-09 12:34:06] EDIT w2panalytics/views/layout.html: 0
[2015-06-09 12:34:57] EDIT w2panalytics/views/layout.html: 0
[2015-06-09 12:35:54] EDIT w2panalytics/views/layout.html: 0
[2015-06-09 12:37:35] EDIT w2panalytics/views/data/data_types_legend.html: 0
[2015-06-09 12:38:53] EDIT w2panalytics/views/layout.html: 3
[2015-06-09 12:40:04] EDIT w2panalytics/views/layout.html: 0
[2015-06-09 12:41:04] EDIT w2panalytics/views/layout.html: 0
[2015-06-09 12:41:10] EDIT w2panalytics/views/data/data_types_legend.html: 0
[2015-06-09 12:43:41] EDIT w2panalytics/views/layout.html: 3
[2015-06-09 12:47:22] EDIT w2panalytics/views/layout.html: 2
[2015-06-09 12:48:50] EDIT w2panalytics/views/layout.html: 1
[2015-06-09 12:49:25] EDIT w2panalytics/views/layout.html: 0
[2015-06-09 12:49:59] EDIT w2panalytics/views/layout.html: 0
[2015-06-09 12:51:00] EDIT w2panalytics/views/layout.html: 0
[2015-06-09 12:51:20] EDIT w2panalytics/views/layout.html: 0
[2015-06-09 12:52:09] EDIT w2panalytics/views/layout.html: 0
[2015-06-09 12:53:01] EDIT w2panalytics/views/layout.html: -1
[2015-06-09 12:53:18] EDIT w2panalytics/views/layout.html: 1
[2015-06-09 12:53:55] EDIT w2panalytics/views/layout.html: 1
[2015-06-09 14:18:55] EDIT w2panalytics/views/layout.html: 11
[2015-06-09 14:19:23] EDIT w2panalytics/views/layout.html: 3
[2015-06-09 14:20:31] EDIT w2panalytics/views/layout.html: 0
[2015-06-09 14:21:18] EDIT w2panalytics/views/layout.html: 0
[2015-06-09 14:22:32] EDIT w2panalytics/views/layout.html: -3
[2015-06-10 14:26:48] EDIT w2panalytics/static/js/lplot.js: 1
[2015-06-10 14:28:03] EDIT w2panalytics/static/js/lplot.js: 1
[2015-06-10 14:30:52] EDIT w2panalytics/views/default/console.html: 1
[2015-06-10 14:30:54] EDIT w2panalytics/views/default/console.html: 0
[2015-06-10 14:32:01] EDIT w2panalytics/views/default/console.html: 0
[2015-06-10 14:32:03] EDIT w2panalytics/views/default/console.html: 0
[2015-06-10 14:33:22] EDIT w2panalytics/views/default/console.html: -1
[2015-06-10 14:35:15] EDIT w2panalytics/static/js/lplot.js: -2
[2015-06-10 14:35:47] EDIT w2panalytics/static/js/lplot.js: 0
[2015-06-10 14:37:19] EDIT w2panalytics/static/js/lplot.js: 0
[2015-06-10 14:38:31] EDIT w2panalytics/static/js/lplot.js: 1
[2015-06-10 14:40:08] EDIT w2panalytics/static/js/lplot.js: 1
[2015-06-10 14:40:47] EDIT w2panalytics/static/js/lplot.js: -2
[2015-06-10 14:41:53] EDIT w2panalytics/static/js/lplot.js: 1
[2015-06-10 14:41:54] EDIT w2panalytics/static/js/lplot.js: 0
[2015-06-10 14:42:00] EDIT w2panalytics/static/js/lplot.js: 0
[2015-06-10 14:42:31] EDIT w2panalytics/static/js/lplot.js: 0
[2015-06-10 14:44:24] EDIT w2panalytics/static/js/lplot.js: 0
[2015-06-10 14:45:11] EDIT w2panalytics/static/js/lplot.js: 0
[2015-06-10 14:46:05] EDIT w2panalytics/static/js/lplot.js: -1
[2015-06-10 14:47:11] EDIT w2panalytics/static/js/lplot.js: 0
[2015-06-10 14:48:02] EDIT w2panalytics/static/js/lplot.js: -2
[2015-06-10 14:49:39] EDIT w2panalytics/static/js/lplot.js: -3
[2015-06-10 14:50:07] EDIT w2panalytics/static/js/lplot.js: 0
[2015-06-10 14:51:59] EDIT w2panalytics/static/js/lplot.js: 5
[2015-06-10 14:52:36] EDIT w2panalytics/static/js/lplot.js: 0
[2015-06-10 14:52:59] EDIT w2panalytics/static/js/lplot.js: 0
[2015-06-10 14:55:09] EDIT w2panalytics/static/js/lplot.js: 0
[2015-06-10 14:56:36] EDIT w2panalytics/static/js/lplot.js: 1
[2015-06-10 14:58:51] EDIT w2panalytics/static/js/lplot.js: -2
[2015-06-10 15:00:22] EDIT w2panalytics/static/js/lplot.js: 1
[2015-06-10 15:01:58] EDIT w2panalytics/views/layout.html: -26
[2015-06-10 15:03:37] EDIT w2panalytics/views/data/stations_form.html: 0
[2015-06-10 15:03:48] EDIT w2panalytics/views/layout.html: 0
[2015-06-10 15:07:39] EDIT w2panalytics/views/data/stations_form.html: 0
[2015-06-10 15:08:02] EDIT w2panalytics/views/layout.html: 0
[2015-06-10 15:09:03] EDIT w2panalytics/views/data/stations_form.html: 0
[2015-06-10 15:13:13] EDIT w2panalytics/views/data/stations_form.html: 0
[2015-06-10 15:15:44] EDIT w2panalytics/views/layout.html: 6
[2015-06-10 15:16:11] EDIT w2panalytics/views/data/stations_form.html: 0
[2015-06-10 15:16:34] EDIT w2panalytics/views/layout.html: 0
[2015-06-10 15:17:26] EDIT w2panalytics/views/layout.html: 1
[2015-06-10 15:18:49] EDIT w2panalytics/views/layout.html: 1
[2015-06-10 15:20:01] EDIT w2panalytics/views/data/stations_form.html: 0
[2015-06-10 15:20:06] EDIT w2panalytics/views/data/stations_form.html: 0
[2015-06-10 15:20:23] EDIT w2panalytics/views/layout.html: -8
[2015-06-10 15:20:47] EDIT w2panalytics/views/data/stations_form.html: 0
[2015-06-10 15:20:54] EDIT w2panalytics/views/layout.html: 0
[2015-06-10 15:21:26] EDIT w2panalytics/views/data/stations_form.html: 0
[2015-06-10 15:21:29] EDIT w2panalytics/views/data/stations_form.html: 0
[2015-06-10 15:22:42] EDIT w2panalytics/views/data/stations_form.html: 0
[2015-06-10 15:23:04] EDIT w2panalytics/views/data/stations_form.html: 0
[2015-06-10 15:24:28] EDIT w2panalytics/views/data/stations_form.html: 0
[2015-06-10 15:24:40] EDIT w2panalytics/views/layout.html: 0
[2015-06-10 15:35:40] EDIT w2panalytics/views/layout.html: 6
[2015-06-10 15:38:53] EDIT w2panalytics/views/layout.html: -2
[2015-06-10 15:40:50] EDIT w2panalytics/views/layout.html: 0
[2015-06-10 15:41:21] EDIT w2panalytics/views/layout.html: 1
[2015-06-10 15:41:22] EDIT w2panalytics/views/layout.html: 0
[2015-06-10 15:43:24] EDIT w2panalytics/views/layout.html: 0
[2015-06-10 16:05:06] EDIT w2panalytics/views/layout.html: 6
[2015-06-10 16:05:29] EDIT w2panalytics/views/layout.html: 0
[2015-06-10 16:06:03] EDIT w2panalytics/views/layout.html: 1
[2015-06-10 16:07:29] EDIT w2panalytics/views/layout.html: 1
[2015-06-10 16:08:37] EDIT w2panalytics/views/layout.html: -8
[2015-06-10 16:29:50] EDIT w2panalytics/views/layout.html: 5
[2015-06-10 16:30:43] EDIT w2panalytics/views/layout.html: 1
[2015-06-10 16:31:08] EDIT w2panalytics/views/layout.html: 1
[2015-06-10 16:32:05] EDIT w2panalytics/views/layout.html: 1
[2015-06-10 16:32:25] EDIT w2panalytics/views/layout.html: 0
[2015-06-10 16:34:10] EDIT w2panalytics/views/layout.html: 0
[2015-06-10 16:34:45] EDIT w2panalytics/views/layout.html: 1
[2015-06-10 16:36:31] EDIT w2panalytics/views/layout.html: 0
[2015-06-10 16:36:59] EDIT w2panalytics/views/layout.html: 1
[2015-06-10 16:37:59] EDIT w2panalytics/views/layout.html: 0
[2015-06-10 16:38:54] EDIT w2panalytics/views/layout.html: -4
[2015-06-10 16:39:22] EDIT w2panalytics/views/layout.html: -2
[2015-06-10 16:39:41] EDIT w2panalytics/views/layout.html: 1
[2015-06-10 16:40:17] EDIT w2panalytics/views/layout.html: -2
[2015-06-10 16:40:57] EDIT w2panalytics/views/layout.html: -9
[2015-06-10 16:41:25] EDIT w2panalytics/views/layout.html: 6
[2015-06-10 16:41:57] EDIT w2panalytics/views/layout.html: -5
[2015-06-10 16:42:56] EDIT w2panalytics/views/layout.html: 9
[2015-06-10 16:43:50] EDIT w2panalytics/views/layout.html: 2
[2015-06-10 16:44:27] EDIT w2panalytics/views/layout.html: 0
[2015-06-10 16:45:11] EDIT w2panalytics/views/layout.html: 1
[2015-06-10 16:45:35] EDIT w2panalytics/views/layout.html: 0
[2015-06-10 16:46:01] EDIT w2panalytics/views/layout.html: 0
[2015-06-10 16:46:48] EDIT w2panalytics/views/layout.html: -1
[2015-06-10 16:47:25] EDIT w2panalytics/views/layout.html: 0
[2015-06-10 16:49:21] EDIT w2panalytics/views/layout.html: 3
[2015-06-10 16:51:12] EDIT w2panalytics/views/layout.html: -2
[2015-06-10 16:51:27] EDIT w2panalytics/views/layout.html: -1
[2015-06-10 16:52:54] EDIT w2panalytics/views/layout.html: 0
[2015-06-10 16:53:50] EDIT w2panalytics/views/layout.html: 0
[2015-06-10 16:54:11] EDIT w2panalytics/views/layout.html: 0
[2015-06-10 16:54:21] EDIT w2panalytics/views/layout.html: 0
[2015-06-10 16:54:32] EDIT w2panalytics/views/layout.html: 0
[2015-06-10 16:54:52] EDIT w2panalytics/views/layout.html: 1
[2015-06-10 16:58:02] EDIT w2panalytics/views/layout.html: 0
[2015-06-10 17:00:51] EDIT w2panalytics/views/layout.html: 12
[2015-06-10 17:04:05] EDIT w2panalytics/views/layout.html: 11
[2015-06-10 17:05:06] EDIT w2panalytics/views/layout.html: 1
[2015-06-10 17:05:23] EDIT w2panalytics/views/layout.html: 0
[2015-06-10 17:05:32] EDIT w2panalytics/views/layout.html: -1
[2015-06-10 17:06:10] EDIT w2panalytics/views/layout.html: 1
[2015-06-10 17:08:25] EDIT w2panalytics/views/layout.html: 0
[2015-06-10 17:09:08] EDIT w2panalytics/views/layout.html: 1
[2015-06-10 17:10:32] EDIT w2panalytics/views/layout.html: 0
[2015-06-11 16:00:41] EDIT w2panalytics/static/js/jquery-multilang/lang.js: -3
[2015-06-11 16:00:45] EDIT w2panalytics/static/js/jquery-multilang/lang.js: 0
[2015-06-11 16:00:59] EDIT w2panalytics/static/js/jquery-multilang/lang.js: 0
[2015-06-11 16:01:27] EDIT w2panalytics/static/js/jquery-multilang/lang.js: 3
[2015-06-11 16:02:26] EDIT w2panalytics/static/js/jquery-multilang/lang.js: 0
[2015-06-11 16:02:46] EDIT w2panalytics/static/js/jquery-multilang/lang.js: 0
[2015-06-11 16:03:30] EDIT w2panalytics/static/js/jquery-multilang/lang.js: 1
[2015-06-11 16:04:56] EDIT w2panalytics/static/js/jquery-multilang/lang.js: 0
[2015-06-11 16:05:33] EDIT w2panalytics/static/js/jquery-multilang/lang.js: 0
[2015-06-11 16:12:06] EDIT w2panalytics/static/js/jquery-multilang/lang.js: 11
[2015-06-11 16:12:56] EDIT w2panalytics/static/js/jquery-multilang/lang.js: 0
[2015-06-11 16:14:08] EDIT w2panalytics/static/js/jquery-multilang/lang.js: -1
[2015-06-11 16:15:04] EDIT w2panalytics/static/js/jquery-multilang/lang.js: 1
[2015-06-11 16:15:53] EDIT w2panalytics/static/js/jquery-multilang/lang.js: 1
[2015-06-11 16:16:42] EDIT w2panalytics/static/js/jquery-multilang/lang.js: -1
[2015-06-11 16:18:59] EDIT w2panalytics/static/js/jquery-multilang/lang.js: 1
[2015-06-11 16:19:36] EDIT w2panalytics/static/js/jquery-multilang/lang.js: 0
[2015-06-11 16:20:30] EDIT w2panalytics/static/js/jquery-multilang/lang.js: 0
[2015-06-11 16:21:49] EDIT w2panalytics/static/js/jquery-multilang/lang.js: 0
[2015-06-11 16:23:06] EDIT w2panalytics/static/js/jquery-multilang/lang.js: 1
[2015-06-11 16:23:56] EDIT w2panalytics/static/js/jquery-multilang/lang.js: 0
[2015-06-11 16:40:34] EDIT w2panalytics/static/js/jquery-multilang/lang.js: 0
[2015-06-11 16:50:58] EDIT w2panalytics/views/layout.html: 2
[2015-06-11 16:52:29] EDIT w2panalytics/views/data/frontends_form.html: 0
[2015-06-11 16:53:06] EDIT w2panalytics/views/layout.html: 1
[2015-06-11 16:53:18] EDIT w2panalytics/views/layout.html: 0
[2015-06-11 16:53:22] EDIT w2panalytics/views/data/frontends_form.html: 0
[2015-06-11 16:53:47] EDIT w2panalytics/views/data/frontends_form.html: 0
[2015-06-11 16:54:15] EDIT w2panalytics/views/layout.html: 0
[2015-06-11 16:54:41] EDIT w2panalytics/views/data/frontends_form.html: 0
[2015-06-11 16:55:00] EDIT w2panalytics/views/layout.html: 0
[2015-06-11 16:55:46] EDIT w2panalytics/views/data/frontends_form.html: 0
[2015-06-11 16:56:00] EDIT w2panalytics/views/layout.html: 0
[2015-06-11 16:57:02] EDIT w2panalytics/views/layout.html: -3
[2015-06-11 16:57:09] EDIT w2panalytics/views/data/frontends_form.html: 0
[2015-06-11 16:59:06] EDIT w2panalytics/views/data/frontends_form.html: 0
[2015-06-11 16:59:33] EDIT w2panalytics/views/layout.html: 3
[2015-06-11 16:59:34] EDIT w2panalytics/views/data/frontends_form.html: 0
[2015-06-11 17:00:11] EDIT w2panalytics/views/data/frontends_form.html: 0
[2015-06-11 17:00:15] EDIT w2panalytics/views/layout.html: 0
[2015-06-11 17:09:40] EDIT w2panalytics/views/layout.html: -3
[2015-06-11 17:09:48] EDIT w2panalytics/views/data/frontends_form.html: 0
[2015-06-11 17:10:36] EDIT w2panalytics/views/layout.html: -1
[2015-06-11 17:20:29] EDIT w2panalytics/views/layout.html: -1
[2015-06-11 17:21:18] EDIT w2panalytics/views/layout.html: 1
[2015-06-11 17:24:56] EDIT w2panalytics/views/layout.html: 9
[2015-06-11 17:26:23] EDIT w2panalytics/views/layout.html: 11
[2015-06-11 17:28:34] EDIT w2panalytics/views/layout.html: -20
[2015-06-11 17:29:16] EDIT w2panalytics/views/layout.html: -1
[2015-06-11 17:29:58] EDIT w2panalytics/views/layout.html: -19
[2015-06-11 17:30:13] EDIT w2panalytics/views/layout.html: 0
[2015-06-11 17:31:54] EDIT w2panalytics/views/layout.html: 10
[2015-06-11 17:33:00] EDIT w2panalytics/views/layout.html: -11
[2015-06-11 17:34:20] EDIT w2panalytics/views/layout.html: 11
[2015-06-11 17:36:14] EDIT w2panalytics/views/layout.html: -32
[2015-06-11 17:38:04] EDIT w2panalytics/views/layout.html: -1
[2015-06-11 17:38:39] EDIT w2panalytics/views/layout.html: -1
[2015-06-11 17:51:25] EDIT w2panalytics/views/layout.html: -5
[2015-06-11 17:57:02] EDIT w2panalytics/static/js/jquery-multilang/lang.js: 1
[2015-06-11 17:59:23] EDIT w2panalytics/static/js/jquery-multilang/lang.js: 31
[2015-06-11 18:01:22] EDIT w2panalytics/static/js/jquery-multilang/lang.js: -35
[2015-06-11 18:03:37] EDIT w2panalytics/static/js/jquery-multilang/lang.js: 35
[2015-06-11 18:04:53] EDIT w2panalytics/static/js/jquery-multilang/lang.js: -12
[2015-06-11 18:05:34] EDIT w2panalytics/views/layout.html: 0
[2015-06-11 18:05:52] EDIT w2panalytics/static/js/jquery-multilang/lang.js: 1
[2015-06-11 18:06:32] EDIT w2panalytics/views/layout.html: 0
[2015-06-11 18:07:33] EDIT w2panalytics/static/js/jquery-multilang/lang.js: 0
[2015-06-11 18:08:48] EDIT w2panalytics/static/js/jquery-multilang/lang.js: 0
[2015-06-11 18:12:12] EDIT w2panalytics/static/js/jquery-multilang/lang.js: 1
[2015-06-11 18:12:30] EDIT w2panalytics/static/js/jquery-multilang/lang.js: 0
[2015-06-11 18:14:40] EDIT w2panalytics/static/js/jquery-multilang/lang.js: 1
[2015-06-11 18:15:53] EDIT w2panalytics/static/js/jquery-multilang/lang.js: 0
[2015-06-11 18:16:23] EDIT w2panalytics/static/js/jquery-multilang/lang.js: 0
[2015-06-11 18:16:52] EDIT w2panalytics/static/js/jquery-multilang/lang.js: 0
[2015-06-11 18:18:11] EDIT w2panalytics/static/js/jquery-multilang/lang.js: 0
[2015-06-11 18:19:00] EDIT w2panalytics/static/js/jquery-multilang/lang.js: 1
[2015-06-11 18:19:36] EDIT w2panalytics/static/js/jquery-multilang/lang.js: -1
[2015-06-11 18:20:07] EDIT w2panalytics/static/js/jquery-multilang/lang.js: 0
[2015-06-11 18:21:17] EDIT w2panalytics/static/js/jquery-multilang/lang.js: -1
[2015-06-11 18:21:44] EDIT w2panalytics/static/js/jquery-multilang/lang.js: 1
[2015-06-11 18:26:07] EDIT w2panalytics/views/data/frontends_form.html: 0
[2015-06-11 18:26:21] EDIT w2panalytics/views/layout.html: -3
[2015-06-11 18:26:44] EDIT w2panalytics/static/js/jquery-multilang/lang.js: 22
[2015-06-11 18:27:00] EDIT w2panalytics/views/default/console.html: -1
[2015-06-11 18:27:28] EDIT w2panalytics/static/js/jquery-multilang/lang.js: 0
[2015-06-11 18:28:26] EDIT w2panalytics/static/js/jquery-multilang/lang.js: -17
[2015-06-11 18:28:35] EDIT w2panalytics/static/js/jquery-multilang/lang.js: -1
[2015-06-11 18:28:45] EDIT w2panalytics/static/js/jquery-multilang/lang.js: 1
[2015-06-11 18:29:03] EDIT w2panalytics/static/js/jquery-multilang/lang.js: 0
[2015-06-11 18:30:06] EDIT w2panalytics/static/js/jquery-multilang/lang.js: 0
[2015-06-11 18:30:12] EDIT w2panalytics/views/default/console.html: 0
[2015-06-11 18:30:46] EDIT w2panalytics/views/default/console.html: 1
[2015-06-11 18:33:05] EDIT w2panalytics/views/default/console.html: 1
[2015-06-11 18:33:39] EDIT w2panalytics/views/default/console.html: -2
[2015-06-11 18:34:14] EDIT w2panalytics/views/default/console.html: 1
[2015-06-11 18:34:48] EDIT w2panalytics/views/default/console.html: 0
[2015-06-11 18:35:13] EDIT w2panalytics/views/default/console.html: -1
[2015-06-11 18:36:47] EDIT w2panalytics/views/default/console.html: 0
[2015-06-11 18:37:58] EDIT w2panalytics/views/default/console.html: 1
[2015-06-11 18:39:54] EDIT w2panalytics/static/js/jquery-multilang/lang.js: -2
[2015-06-11 18:41:01] EDIT w2panalytics/views/layout.html: 1
[2015-06-11 18:42:15] EDIT w2panalytics/views/layout.html: 0
[2015-06-11 18:43:34] EDIT w2panalytics/static/js/jquery-multilang/lang.js: 0
[2015-06-12 08:31:57] EDIT w2panalytics/views/layout.html: 1
[2015-06-12 08:33:18] EDIT w2panalytics/views/layout.html: 0
[2015-06-12 08:33:24] EDIT w2panalytics/views/layout.html: 0
[2015-06-12 08:58:10] EDIT w2panalytics/views/layout.html: 0
[2015-06-12 08:58:49] EDIT w2panalytics/views/data/frontends_form.html: 0
[2015-06-12 09:00:29] EDIT w2panalytics/views/layout.html: 1
[2015-06-12 09:00:38] EDIT w2panalytics/static/js/jquery-multilang/lang.js: 0
[2015-06-12 09:00:43] EDIT w2panalytics/static/js/jquery-multilang/lang.js: 0
[2015-06-12 09:00:45] EDIT w2panalytics/static/js/jquery-multilang/lang.js: 0
[2015-06-12 09:01:05] EDIT w2panalytics/views/layout.html: 0
[2015-06-12 09:01:06] EDIT w2panalytics/views/layout.html: 0
[2015-06-12 09:01:56] EDIT w2panalytics/views/layout.html: -38
[2015-06-12 09:02:07] EDIT w2panalytics/static/js/jquery-multilang/lang.js: 38
[2015-06-12 09:03:38] EDIT w2panalytics/static/js/jquery-multilang/lang.js: 0
[2015-06-12 09:03:40] EDIT w2panalytics/static/js/jquery-multilang/lang.js: 0
[2015-06-12 09:04:21] EDIT w2panalytics/static/js/jquery-multilang/lang.js: -38
[2015-06-12 09:07:50] EDIT w2panalytics/views/layout.html: 40
[2015-06-12 09:07:52] EDIT w2panalytics/views/layout.html: 0
[2015-06-12 09:08:24] EDIT w2panalytics/views/layout.html: 1
[2015-06-12 09:11:47] EDIT w2panalytics/views/layout.html: 4
[2015-06-12 09:11:48] EDIT w2panalytics/views/layout.html: 0
[2015-06-12 09:13:31] EDIT w2panalytics/views/layout.html: 0
[2015-06-12 09:13:32] EDIT w2panalytics/views/layout.html: 0
[2015-06-12 09:15:06] EDIT w2panalytics/views/layout.html: 0
[2015-06-12 09:15:30] EDIT w2panalytics/views/layout.html: 0
[2015-06-12 09:15:43] EDIT w2panalytics/views/layout.html: 1
[2015-06-12 09:19:26] EDIT w2panalytics/views/layout.html: 47
[2015-06-12 09:20:02] EDIT w2panalytics/views/layout.html: -48
[2015-06-12 09:21:34] EDIT w2panalytics/views/layout.html: -1
[2015-06-12 09:28:34] EDIT w2panalytics/views/layout.html: 4
[2015-06-12 09:33:19] EDIT w2panalytics/views/layout.html: 0
[2015-06-12 09:33:20] EDIT w2panalytics/views/layout.html: 0
[2015-06-12 09:34:30] EDIT w2panalytics/views/layout.html: 1
[2015-06-12 09:35:13] EDIT w2panalytics/views/layout.html: 0
[2015-06-12 09:36:06] EDIT w2panalytics/views/layout.html: 0
[2015-06-12 09:36:42] EDIT w2panalytics/views/layout.html: 0
[2015-06-12 09:36:43] EDIT w2panalytics/views/layout.html: 0
[2015-06-12 09:36:59] EDIT w2panalytics/views/layout.html: -1
[2015-06-12 09:37:14] EDIT w2panalytics/views/layout.html: 1
[2015-06-12 09:37:41] EDIT w2panalytics/views/layout.html: -1
[2015-06-12 09:37:41] EDIT w2panalytics/views/layout.html: 0
[2015-06-12 09:39:47] EDIT w2panalytics/views/layout.html: 0
[2015-06-12 09:40:20] EDIT w2panalytics/views/layout.html: 0
[2015-06-12 09:40:21] EDIT w2panalytics/views/layout.html: 0
[2015-06-12 09:40:54] EDIT w2panalytics/views/layout.html: 0
[2015-06-12 09:40:56] EDIT w2panalytics/views/layout.html: 0
[2015-06-12 09:41:37] EDIT w2panalytics/views/layout.html: 1
[2015-06-12 09:41:37] EDIT w2panalytics/views/layout.html: 0
[2015-06-12 09:41:37] EDIT w2panalytics/views/layout.html: 0
[2015-06-12 09:41:54] EDIT w2panalytics/views/data/stations_form.html: 0
[2015-06-12 09:44:33] EDIT w2panalytics/views/layout.html: 1
[2015-06-12 09:45:16] EDIT w2panalytics/views/layout.html: 0
[2015-06-12 09:45:26] EDIT w2panalytics/views/layout.html: 0
[2015-06-12 09:46:01] EDIT w2panalytics/views/layout.html: 0
[2015-06-12 09:53:56] EDIT w2panalytics/views/layout.html: -20
[2015-06-12 09:53:57] EDIT w2panalytics/views/layout.html: 0
[2015-06-12 09:53:57] EDIT w2panalytics/views/layout.html: 0
[2015-06-12 09:54:20] EDIT w2panalytics/views/layout.html: 0
[2015-06-12 09:55:29] EDIT w2panalytics/views/layout.html: 0
[2015-06-12 09:56:48] EDIT w2panalytics/views/layout.html: -1
[2015-06-12 10:00:33] EDIT w2panalytics/views/layout.html: 0
[2015-06-12 10:52:07] EDIT w2panalytics/views/layout.html: -1
[2015-06-12 10:53:02] EDIT w2panalytics/views/layout.html: 1
[2015-06-12 10:57:12] EDIT w2panalytics/views/layout.html: -1
[2015-06-12 11:03:27] EDIT w2panalytics/views/layout.html: 3
[2015-06-12 11:19:44] EDIT w2panalytics/views/default/console.html: 0
[2015-06-12 11:19:56] EDIT w2panalytics/static/js/jquery-multilang/lang.js: 0
[2015-06-12 11:20:21] EDIT w2panalytics/views/data/frontends_form.html: -1
[2015-06-12 11:21:06] EDIT w2panalytics/views/data/frontends_form.html: 1
[2015-06-12 11:21:12] EDIT w2panalytics/views/default/console.html: 0
[2015-06-12 11:22:43] EDIT w2panalytics/views/data/frontends_form.html: -1
[2015-06-12 11:23:16] EDIT w2panalytics/static/js/jquery-multilang/lang.js: 1
[2015-06-12 11:24:00] EDIT w2panalytics/static/js/jquery-multilang/lang.js: 1
[2015-06-12 11:25:41] EDIT w2panalytics/static/js/jquery-multilang/lang.js: 1
[2015-06-12 11:27:09] EDIT w2panalytics/static/js/jquery-multilang/lang.js: 2
[2015-06-12 11:28:54] EDIT w2panalytics/views/layout.html: 0
[2015-06-12 11:32:24] EDIT w2panalytics/views/layout.html: 0
[2015-06-12 11:37:12] EDIT w2panalytics/views/layout.html: 1
[2015-06-12 11:37:20] EDIT w2panalytics/views/layout.html: 0
[2015-06-12 11:37:27] EDIT w2panalytics/views/layout.html: 0
[2015-06-12 11:38:11] EDIT w2panalytics/views/layout.html: 0
[2015-06-12 11:39:14] EDIT w2panalytics/views/layout.html: -14
[2015-06-12 11:40:51] EDIT w2panalytics/views/layout.html: 0
[2015-06-12 11:41:05] EDIT w2panalytics/views/layout.html: 0
[2015-06-12 11:42:10] EDIT w2panalytics/views/layout.html: 0
[2015-06-12 11:42:53] EDIT w2panalytics/static/js/jquery-multilang/lang.js: 0
[2015-06-12 11:44:06] EDIT w2panalytics/views/layout.html: -4
[2015-06-12 11:47:30] EDIT w2panalytics/static/js/jquery-multilang/lang.js: 4
[2015-06-12 11:48:09] EDIT w2panalytics/views/layout.html: 0
[2015-06-12 11:48:09] EDIT w2panalytics/views/layout.html: 0
[2015-06-12 11:50:26] EDIT w2panalytics/static/js/jquery-multilang/lang.js: 2
[2015-06-12 11:50:27] EDIT w2panalytics/static/js/jquery-multilang/lang.js: 0
[2015-06-12 11:50:50] EDIT w2panalytics/static/js/jquery-multilang/lang.js: 0
[2015-06-12 11:53:02] EDIT w2panalytics/static/js/jquery-multilang/lang.js: -24
[2015-06-12 11:55:55] EDIT w2panalytics/static/js/jquery-multilang/lang.js: 24
[2015-06-12 11:56:13] EDIT w2panalytics/static/js/jquery-multilang/lang.js: 0
[2015-06-12 11:56:14] EDIT w2panalytics/static/js/jquery-multilang/lang.js: 0
[2015-06-12 11:56:42] EDIT w2panalytics/views/layout.html: 1
[2015-06-12 11:56:57] EDIT w2panalytics/static/js/jquery-multilang/lang.js: 0
[2015-06-12 11:58:57] EDIT w2panalytics/static/js/jquery-multilang/lang.js: 1
[2015-06-12 12:01:02] EDIT w2panalytics/static/js/jquery-multilang/lang.js: -1
[2015-06-12 12:01:27] EDIT w2panalytics/static/js/jquery-multilang/lang.js: -1
[2015-06-12 12:11:13] EDIT w2panalytics/static/js/jquery-multilang/lang.js: 0
[2015-06-12 12:11:14] EDIT w2panalytics/static/js/jquery-multilang/lang.js: 0
[2015-06-12 12:11:41] EDIT w2panalytics/static/js/jquery-multilang/lang.js: 0
[2015-06-12 12:14:44] EDIT w2panalytics/views/layout.html: -1
[2015-06-12 12:18:11] EDIT w2panalytics/views/layout.html: -17
[2015-06-12 14:04:16] EDIT w2panalytics/static/css/standard.css: 0
[2015-06-12 14:05:05] EDIT w2panalytics/static/css/standard.css: -1
[2015-06-12 14:06:25] EDIT w2panalytics/static/js/jquery-multilang/lang.js: 0
[2015-06-12 14:08:14] EDIT w2panalytics/static/js/jquery-multilang/lang.js: 1
[2015-06-12 14:10:18] EDIT w2panalytics/static/js/jquery-multilang/lang.js: 1
[2015-06-12 14:13:39] EDIT w2panalytics/static/js/jquery-multilang/lang.js: 2
[2015-06-12 14:14:07] EDIT w2panalytics/static/js/jquery-multilang/lang.js: 0
[2015-06-12 14:16:08] EDIT w2panalytics/static/js/jquery-multilang/lang.js: -29
[2015-06-12 14:16:24] EDIT w2panalytics/static/js/jquery-multilang/lang.js: 0
[2015-06-12 14:17:04] EDIT w2panalytics/static/js/jquery-multilang/lang.js: 0
[2015-06-12 14:19:26] EDIT w2panalytics/static/js/jquery-multilang/lang.js: 21
[2015-06-12 14:29:09] EDIT w2panalytics/static/js/jquery-multilang/lang.js: 0
[2015-06-12 14:31:13] EDIT w2panalytics/static/js/jquery-multilang/lang.js: 0
[2015-06-12 14:31:43] EDIT w2panalytics/static/js/jquery-multilang/lang.js: -18
[2015-06-12 14:32:24] EDIT w2panalytics/static/js/jquery-multilang/lang.js: 0
[2015-06-12 14:33:44] EDIT w2panalytics/static/js/jquery-multilang/lang.js: 2
[2015-06-12 14:35:50] EDIT w2panalytics/static/js/jquery-multilang/lang.js: 16
[2015-06-12 14:36:24] EDIT w2panalytics/static/js/jquery-multilang/lang.js: -13
[2015-06-12 14:38:10] EDIT w2panalytics/static/js/jquery-multilang/lang.js: 11
[2015-06-12 14:38:46] EDIT w2panalytics/views/layout.html: -10
[2015-06-12 14:41:54] EDIT w2panalytics/static/js/jquery-multilang/lang.js: 0
[2015-06-12 14:46:41] EDIT w2panalytics/static/js/jquery-multilang/lang.js: 0
[2015-06-12 14:46:55] EDIT w2panalytics/views/layout.html: 0
[2015-06-12 14:47:15] EDIT w2panalytics/views/layout.html: 0
[2015-06-12 14:47:37] EDIT w2panalytics/static/js/jquery-multilang/lang.js: 0
[2015-06-12 14:51:03] EDIT w2panalytics/static/js/jquery-multilang/lang.js: 3
[2015-06-12 14:51:19] EDIT w2panalytics/static/js/jquery-multilang/lang.js: 0
[2015-06-12 14:51:25] EDIT w2panalytics/views/layout.html: 0
[2015-06-12 14:52:56] EDIT w2panalytics/static/js/jquery-multilang/lang.js: -5
[2015-06-12 14:55:31] EDIT w2panalytics/static/js/jquery-multilang/lang.js: 4
[2015-06-12 14:56:08] EDIT w2panalytics/static/js/jquery-multilang/lang.js: 0
[2015-06-12 14:56:26] EDIT w2panalytics/static/js/jquery-multilang/lang.js: -1
[2015-06-12 14:57:31] EDIT w2panalytics/static/js/jquery-multilang/lang.js: 1
[2015-06-12 15:01:18] EDIT w2panalytics/static/js/jquery-multilang/lang.js: 10
[2015-06-12 15:01:29] EDIT w2panalytics/static/js/jquery-multilang/lang.js: 0
[2015-06-12 15:03:35] EDIT w2panalytics/views/layout.html: 0
[2015-06-12 15:03:37] EDIT w2panalytics/views/layout.html: 0
[2015-06-12 15:04:58] EDIT w2panalytics/static/js/jquery-multilang/lang.js: 1
[2015-06-12 15:06:07] EDIT w2panalytics/static/js/jquery-multilang/lang.js: -1
[2015-06-12 15:06:42] EDIT w2panalytics/static/js/jquery-multilang/lang.js: 0
[2015-06-12 15:07:14] EDIT w2panalytics/views/data/frontends_form.html: 1
[2015-06-12 15:07:31] EDIT w2panalytics/static/js/jquery-multilang/lang.js: -13
[2015-06-12 15:07:53] EDIT w2panalytics/static/js/jquery-multilang/lang.js: -1
[2015-06-12 15:08:48] EDIT w2panalytics/static/js/jquery-multilang/lang.js: 1
[2015-06-12 15:08:52] EDIT w2panalytics/static/js/jquery-multilang/lang.js: -1
[2015-06-12 15:08:56] EDIT w2panalytics/static/js/jquery-multilang/lang.js: 0
[2015-06-12 15:09:06] EDIT w2panalytics/static/js/jquery-multilang/lang.js: 0
[2015-06-12 15:09:35] EDIT w2panalytics/static/js/jquery-multilang/lang.js: 0
[2015-06-12 15:10:39] EDIT w2panalytics/views/data/frontends_form.html: -1
[2015-06-12 15:10:51] EDIT w2panalytics/views/default/console.html: 0
[2015-06-12 15:11:33] EDIT w2panalytics/static/js/jquery-multilang/lang.js: -1
[2015-06-12 15:12:26] EDIT w2panalytics/static/js/jquery-multilang/lang.js: 1
[2015-06-12 15:13:19] EDIT w2panalytics/static/js/jquery-multilang/lang.js: -2
[2015-06-12 15:14:17] EDIT w2panalytics/static/js/jquery-multilang/lang.js: 0
[2015-06-12 15:14:24] EDIT w2panalytics/static/js/jquery-multilang/lang.js: 0
[2015-06-12 15:15:29] EDIT w2panalytics/static/js/jquery-multilang/lang.js: 0
[2015-06-12 15:15:45] EDIT w2panalytics/static/js/jquery-multilang/lang.js: 0
[2015-06-12 15:16:12] EDIT w2panalytics/static/js/jquery-multilang/lang.js: 0
[2015-06-12 15:18:30] EDIT w2panalytics/static/js/jquery-multilang/lang.js: 2
[2015-06-12 15:18:45] EDIT w2panalytics/views/default/console.html: 0
[2015-06-12 15:20:04] EDIT w2panalytics/static/js/jquery-multilang/lang.js: 11
[2015-06-12 15:22:02] EDIT w2panalytics/views/data/frontends_form.html: 1
[2015-06-12 15:25:13] EDIT w2panalytics/static/js/jquery-multilang/lang.js: 0
[2015-06-12 15:25:29] EDIT w2panalytics/static/js/jquery-multilang/lang.js: 0
[2015-06-12 15:26:07] EDIT w2panalytics/static/js/jquery-multilang/lang.js: 0
[2015-06-12 15:29:58] EDIT w2panalytics/views/data/frontends_form.html: -1
[2015-06-12 15:30:10] EDIT w2panalytics/views/default/console.html: 0
[2015-06-12 15:30:17] EDIT w2panalytics/static/js/jquery-multilang/lang.js: 0
[2015-06-12 15:31:33] EDIT w2panalytics/static/js/jquery-multilang/lang.js: 1
[2015-06-12 15:31:56] EDIT w2panalytics/static/js/jquery-multilang/lang.js: 0
[2015-06-12 15:33:00] EDIT w2panalytics/static/js/jquery-multilang/lang.js: -1
[2015-06-12 15:33:28] EDIT w2panalytics/views/default/console.html: 0
[2015-06-12 15:33:38] EDIT w2panalytics/static/js/jquery-multilang/lang.js: 0
[2015-06-12 15:33:48] EDIT w2panalytics/static/js/jquery-multilang/lang.js: -1
[2015-06-12 15:34:43] EDIT w2panalytics/static/js/jquery-multilang/lang.js: 1
[2015-06-12 15:36:03] EDIT w2panalytics/static/js/jquery-multilang/lang.js: 0
[2015-06-12 15:36:48] EDIT w2panalytics/static/js/jquery-multilang/lang.js: -12
[2015-06-12 15:37:28] EDIT w2panalytics/static/js/jquery-multilang/lang.js: -17
[2015-06-12 15:38:25] EDIT w2panalytics/views/layout.html: 17
[2015-06-12 15:39:47] EDIT w2panalytics/views/layout.html: 0
[2015-06-12 15:42:09] EDIT w2panalytics/views/layout.html: 0
[2015-06-12 15:44:44] EDIT w2panalytics/static/js/jquery-multilang/lang.js: 22
[2015-06-12 15:45:08] EDIT w2panalytics/views/layout.html: -3
[2015-06-12 15:45:29] EDIT w2panalytics/views/layout.html: 0
[2015-06-12 15:45:44] EDIT w2panalytics/views/layout.html: 0
[2015-06-12 15:46:22] EDIT w2panalytics/static/js/jquery-multilang/lang.js: 0
[2015-06-12 15:46:24] EDIT w2panalytics/static/js/jquery-multilang/lang.js: 0
[2015-06-12 15:47:11] EDIT w2panalytics/views/layout.html: 0
[2015-06-12 15:56:39] EDIT w2panalytics/views/default/console.html: 0
[2015-06-12 16:16:51] EDIT w2panalytics/static/css/standard.css: 1
[2015-06-12 16:18:28] EDIT w2panalytics/views/default/map.html: 2
[2015-06-12 16:18:50] EDIT w2panalytics/views/default/map.html: -1
[2015-06-12 16:19:02] EDIT w2panalytics/views/default/map.html: 0
[2015-06-12 16:19:12] EDIT w2panalytics/static/css/standard.css: 0
[2015-06-12 16:19:38] EDIT w2panalytics/views/default/map.html: 0
[2015-06-12 16:19:53] EDIT w2panalytics/views/default/map.html: 0
[2015-06-12 16:19:59] EDIT w2panalytics/static/css/standard.css: 1
[2015-06-12 16:20:11] EDIT w2panalytics/static/css/standard.css: -2
[2015-06-12 16:20:27] EDIT w2panalytics/static/css/standard.css: 2
[2015-06-12 16:20:51] EDIT w2panalytics/views/default/map.html: 0
[2015-06-12 16:22:19] EDIT w2panalytics/static/css/standard.css: 3
[2015-06-12 16:22:25] EDIT w2panalytics/views/default/map.html: 0
[2015-06-12 16:23:27] EDIT w2panalytics/static/css/standard.css: 0
[2015-06-12 16:24:04] EDIT w2panalytics/static/css/standard.css: 0
[2015-06-12 16:24:36] EDIT w2panalytics/static/css/standard.css: 0
[2015-06-12 16:25:32] EDIT w2panalytics/static/css/standard.css: -4
[2015-06-12 16:26:50] EDIT w2panalytics/static/css/standard.css: 0
[2015-06-12 16:27:26] EDIT w2panalytics/views/default/map.html: 0
[2015-06-12 16:27:44] EDIT w2panalytics/views/default/map.html: 0
[2015-06-12 16:28:01] EDIT w2panalytics/views/default/map.html: 0
[2015-06-12 16:28:10] EDIT w2panalytics/views/default/map.html: 0
[2015-06-12 16:28:33] EDIT w2panalytics/views/default/map.html: 0
[2015-06-12 16:28:50] EDIT w2panalytics/views/default/map.html: 0
[2015-06-12 16:31:08] EDIT w2panalytics/views/default/map.html: 0
[2015-06-12 16:31:32] EDIT w2panalytics/static/css/standard.css: 0
[2015-06-12 16:31:39] EDIT w2panalytics/static/css/standard.css: 0
[2015-06-12 16:31:49] EDIT w2panalytics/static/css/standard.css: 0
[2015-06-12 16:32:33] EDIT w2panalytics/static/css/standard.css: -1
[2015-06-12 16:33:02] EDIT w2panalytics/views/default/map.html: -11
[2015-06-12 16:33:29] EDIT w2panalytics/views/default/map.html: 0
[2015-06-12 16:33:46] EDIT w2panalytics/views/default/map.html: 0
[2015-06-12 16:36:04] EDIT w2panalytics/views/default/map.html: 0
[2015-06-12 16:37:11] EDIT w2panalytics/views/default/map.html: 0
[2015-06-12 16:37:27] EDIT w2panalytics/views/default/map.html: 0
[2015-06-12 16:38:51] EDIT w2panalytics/static/css/standard.css: 1
[2015-06-12 16:39:07] EDIT w2panalytics/views/default/map.html: 0
[2015-06-12 16:39:24] EDIT w2panalytics/views/default/map.html: 0
[2015-06-12 16:39:43] EDIT w2panalytics/views/default/map.html: 0
[2015-06-12 16:39:58] EDIT w2panalytics/views/default/map.html: 0
[2015-06-12 17:05:40] EDIT w2panalytics/views/default/map.html: 11
[2015-06-12 17:06:41] EDIT w2panalytics/views/default/map.html: -1
[2015-06-12 17:07:16] EDIT w2panalytics/static/css/standard.css: -1
[2015-06-12 17:09:14] EDIT w2panalytics/static/css/standard.css: 0
[2015-06-12 17:09:55] EDIT w2panalytics/views/default/map.html: 1
[2015-06-12 17:10:35] EDIT w2panalytics/views/default/map.html: -1
[2015-06-12 17:11:07] EDIT w2panalytics/views/default/map.html: 1
[2015-06-12 17:12:22] EDIT w2panalytics/views/default/map.html: 0
[2015-06-12 17:12:56] EDIT w2panalytics/views/default/map.html: -1
[2015-06-12 17:13:41] EDIT w2panalytics/views/default/map.html: 2
[2015-06-12 17:27:50] EDIT w2panalytics/views/default/map.html: 1
[2015-06-12 17:31:39] EDIT w2panalytics/views/default/map.html: -1
[2015-06-12 17:31:59] EDIT w2panalytics/views/default/map.html: 0
[2015-06-12 17:32:44] EDIT w2panalytics/views/default/map.html: -1
[2015-06-12 17:33:34] EDIT w2panalytics/views/default/map.html: 0
[2015-06-12 17:34:08] EDIT w2panalytics/views/default/map.html: 0
[2015-06-12 17:36:07] EDIT w2panalytics/views/default/map.html: 0
[2015-06-12 17:40:42] EDIT w2panalytics/views/default/map.html: 15
[2015-06-12 17:40:58] EDIT w2panalytics/views/default/map.html: -1
[2015-06-12 17:41:20] EDIT w2panalytics/views/default/map.html: 1
[2015-06-12 17:41:47] EDIT w2panalytics/views/default/map.html: -15
[2015-06-12 17:42:00] EDIT w2panalytics/views/default/map.html: 0
[2015-06-12 17:42:19] EDIT w2panalytics/views/default/map.html: 1
[2015-06-12 17:45:01] EDIT w2panalytics/views/default/map.html: 0
[2015-06-12 17:45:58] EDIT w2panalytics/views/default/map.html: 0
[2015-06-12 17:48:19] EDIT w2panalytics/views/default/map.html: -1
[2015-06-12 17:48:40] EDIT w2panalytics/views/default/map.html: 0
[2015-06-12 17:49:18] EDIT w2panalytics/views/default/map.html: -1
[2015-06-12 17:49:23] EDIT w2panalytics/views/default/map.html: 0
[2015-06-12 17:49:48] EDIT w2panalytics/views/default/map.html: 0
[2015-06-15 09:01:38] EDIT w2panalytics/views/default/map.html: 1
[2015-06-15 09:02:59] EDIT w2panalytics/views/default/map.html: 0
[2015-06-15 09:03:07] EDIT w2panalytics/views/default/map.html: 0
[2015-06-15 09:04:01] EDIT w2panalytics/views/default/map.html: 0
[2015-06-15 09:07:20] EDIT w2panalytics/views/default/map.html: 0
[2015-06-15 09:07:48] EDIT w2panalytics/views/default/map.html: 0
[2015-06-15 09:08:45] EDIT w2panalytics/views/default/map.html: 3
[2015-06-15 09:14:26] EDIT w2panalytics/views/default/map.html: 0
[2015-06-15 09:15:55] EDIT w2panalytics/static/css/standard.css: 0
[2015-06-15 09:17:04] EDIT w2panalytics/static/css/standard.css: 1
[2015-06-15 09:19:13] EDIT w2panalytics/views/default/map.html: 1
[2015-06-15 09:19:50] EDIT w2panalytics/views/default/map.html: 0
[2015-06-15 09:20:25] EDIT w2panalytics/views/default/map.html: 0
[2015-06-15 09:30:16] EDIT w2panalytics/views/default/map.html: 1
[2015-06-15 09:30:38] EDIT w2panalytics/views/default/map.html: 0
[2015-06-15 10:01:27] EDIT w2panalytics/views/default/map.html: 3
[2015-06-15 10:01:59] EDIT w2panalytics/views/default/map.html: 0
[2015-06-15 10:02:05] EDIT w2panalytics/views/default/map.html: 0
[2015-06-15 10:02:50] EDIT w2panalytics/views/default/map.html: 0
[2015-06-15 10:03:46] EDIT w2panalytics/views/default/map.html: 0
[2015-06-15 10:06:53] EDIT w2panalytics/views/default/map.html: 0
[2015-06-15 10:10:30] EDIT w2panalytics/views/default/map.html: -4
[2015-06-15 10:10:54] EDIT w2panalytics/views/default/map.html: 0
[2015-06-15 10:11:30] EDIT w2panalytics/views/default/map.html: 4
[2015-06-15 10:13:31] EDIT w2panalytics/views/default/map.html: -3
[2015-06-15 10:16:18] EDIT w2panalytics/views/default/map.html: 11
[2015-06-15 10:16:51] EDIT w2panalytics/views/default/map.html: -11
[2015-06-15 10:18:38] EDIT w2panalytics/views/default/map.html: 1
[2015-06-15 10:30:14] EDIT w2panalytics/views/default/map.html: -2
[2015-06-15 10:30:39] EDIT w2panalytics/views/default/map.html: 1
[2015-06-15 10:30:58] EDIT w2panalytics/views/default/map.html: 26
[2015-06-15 10:31:09] EDIT w2panalytics/views/default/map.html: 0
[2015-06-15 10:53:04] EDIT w2panalytics/views/default/map.html: 0
[2015-06-15 10:53:19] EDIT w2panalytics/controllers/data.py: 0
[2015-06-15 10:55:19] EDIT w2panalytics/views/default/map.html: 0
[2015-06-15 10:55:47] EDIT w2panalytics/views/default/map.html: 0
[2015-06-15 10:56:56] EDIT w2panalytics/views/default/map.html: 1
[2015-06-15 10:57:43] EDIT w2panalytics/views/default/map.html: -4
[2015-06-15 10:57:59] EDIT w2panalytics/views/default/map.html: 0
[2015-06-15 11:00:37] EDIT w2panalytics/views/default/map.html: 4
[2015-06-15 11:00:38] EDIT w2panalytics/views/default/map.html: 0
[2015-06-15 11:00:45] EDIT w2panalytics/views/default/map.html: -1
[2015-06-15 11:02:04] EDIT w2panalytics/views/default/map.html: 0
[2015-06-15 11:03:10] EDIT w2panalytics/views/default/map.html: 0
[2015-06-15 11:03:25] EDIT w2panalytics/views/default/map.html: 0
[2015-06-15 11:04:15] EDIT w2panalytics/views/default/map.html: 0
[2015-06-15 11:04:47] EDIT w2panalytics/views/default/map.html: 0
[2015-06-15 11:04:47] EDIT w2panalytics/views/default/map.html: 0
[2015-06-15 11:05:43] EDIT w2panalytics/views/default/map.html: 0
[2015-06-15 11:06:34] EDIT w2panalytics/views/default/map.html: 0
[2015-06-15 11:07:55] EDIT w2panalytics/views/default/map.html: 0
[2015-06-15 11:09:17] EDIT w2panalytics/views/default/map.html: 0
[2015-06-15 11:09:38] EDIT w2panalytics/views/default/map.html: -4
[2015-06-15 11:09:52] EDIT w2panalytics/views/default/map.html: -1
[2015-06-15 11:10:19] EDIT w2panalytics/views/default/map.html: -1
[2015-06-15 11:11:54] EDIT w2panalytics/views/default/map.html: 2
[2015-06-15 11:12:18] EDIT w2panalytics/views/default/map.html: 0
[2015-06-15 11:12:50] EDIT w2panalytics/views/default/map.html: 0
[2015-06-15 11:13:32] EDIT w2panalytics/views/default/map.html: 2
[2015-06-15 11:15:08] EDIT w2panalytics/views/default/map.html: 3
[2015-06-15 11:16:46] EDIT w2panalytics/views/default/map.html: 1
[2015-06-15 11:27:45] EDIT w2panalytics/controllers/data.py: 1
[2015-06-15 11:28:29] EDIT w2panalytics/controllers/data.py: 0
[2015-06-15 11:29:10] EDIT w2panalytics/views/default/map.html: 1
[2015-06-15 11:29:42] EDIT w2panalytics/views/default/map.html: 2
[2015-06-15 11:29:49] EDIT w2panalytics/views/default/map.html: 0
[2015-06-15 11:32:22] EDIT w2panalytics/views/default/map.html: 1
[2015-06-15 11:33:37] EDIT w2panalytics/views/default/map.html: 6
[2015-06-15 11:33:53] EDIT w2panalytics/views/default/map.html: -2
[2015-06-15 11:38:07] EDIT w2panalytics/views/default/map.html: 2
[2015-06-15 11:38:38] EDIT w2panalytics/views/default/map.html: 1
[2015-06-15 11:41:47] EDIT w2panalytics/views/default/map.html: -1
[2015-06-15 11:42:05] EDIT w2panalytics/views/default/map.html: -1
[2015-06-15 11:42:41] EDIT w2panalytics/views/default/map.html: 0
[2015-06-15 11:43:41] EDIT w2panalytics/views/default/map.html: 0
[2015-06-15 11:44:31] EDIT w2panalytics/views/default/map.html: 0
[2015-06-15 11:48:08] EDIT w2panalytics/views/default/map.html: 0
[2015-06-15 11:50:32] EDIT w2panalytics/views/default/map.html: 0
[2015-06-15 11:51:03] EDIT w2panalytics/views/default/map.html: 0
[2015-06-15 11:53:57] EDIT w2panalytics/views/default/map.html: 1
[2015-06-15 11:54:45] EDIT w2panalytics/views/default/map.html: 1
[2015-06-15 11:55:30] EDIT w2panalytics/views/default/map.html: 1
[2015-06-15 11:56:03] EDIT w2panalytics/views/default/map.html: -1
[2015-06-15 11:57:37] EDIT w2panalytics/views/default/map.html: 0
[2015-06-15 11:58:06] EDIT w2panalytics/views/default/map.html: 1
[2015-06-15 11:58:53] EDIT w2panalytics/views/default/map.html: 2
[2015-06-15 11:59:17] EDIT w2panalytics/views/default/map.html: 0
[2015-06-15 11:59:34] EDIT w2panalytics/views/default/map.html: 0
[2015-06-15 12:01:24] EDIT w2panalytics/views/default/map.html: 0
[2015-06-15 12:02:03] EDIT w2panalytics/views/default/map.html: -1
[2015-06-15 12:02:38] EDIT w2panalytics/views/default/map.html: 0
[2015-06-15 12:02:55] EDIT w2panalytics/views/default/map.html: 0
[2015-06-15 12:22:29] EDIT w2panalytics/views/default/map.html: 0
[2015-06-15 12:22:40] EDIT w2panalytics/views/default/map.html: 0
[2015-06-15 12:23:20] EDIT w2panalytics/views/default/map.html: -3
[2015-06-15 12:24:33] EDIT w2panalytics/views/default/map.html: 1
[2015-06-15 12:24:51] EDIT w2panalytics/views/default/map.html: 0
[2015-06-15 12:25:09] EDIT w2panalytics/views/default/map.html: -1
[2015-06-15 12:26:28] EDIT w2panalytics/views/default/map.html: 1
[2015-06-15 12:26:37] EDIT w2panalytics/views/default/map.html: 0
[2015-06-15 12:27:34] EDIT w2panalytics/views/default/map.html: -1
[2015-06-15 12:28:31] EDIT w2panalytics/views/default/map.html: 1
[2015-06-15 12:29:23] EDIT w2panalytics/views/default/map.html: 1
[2015-06-15 12:32:20] EDIT w2panalytics/views/default/map.html: 2
[2015-06-15 12:33:15] EDIT w2panalytics/views/default/map.html: 0
[2015-06-15 12:43:43] EDIT w2panalytics/views/default/map.html: 0
[2015-06-15 12:44:12] EDIT w2panalytics/views/default/map.html: 0
[2015-06-15 12:44:21] EDIT w2panalytics/views/default/map.html: 0
[2015-06-15 12:45:10] EDIT w2panalytics/views/default/map.html: 3
[2015-06-15 12:59:35] EDIT w2panalytics/views/default/map.html: 5
[2015-06-15 13:00:14] EDIT w2panalytics/views/default/map.html: 2
[2015-06-15 13:01:49] EDIT w2panalytics/views/default/map.html: 3
[2015-06-15 13:03:09] EDIT w2panalytics/views/default/map.html: 3
[2015-06-15 13:04:16] EDIT w2panalytics/views/default/map.html: 4
[2015-06-15 13:21:25] EDIT w2panalytics/views/default/map.html: 4
[2015-06-15 13:22:15] EDIT w2panalytics/views/default/map.html: 3
[2015-06-15 13:23:40] EDIT w2panalytics/views/default/map.html: 0
[2015-06-15 13:24:53] EDIT w2panalytics/views/default/map.html: 0
[2015-06-15 13:27:08] EDIT w2panalytics/views/default/map.html: 3
[2015-06-15 13:30:13] EDIT w2panalytics/views/default/map.html: 1
[2015-06-15 13:30:17] EDIT w2panalytics/views/default/map.html: -1
[2015-06-15 13:30:34] EDIT w2panalytics/views/default/map.html: 0
[2015-06-15 13:33:14] EDIT w2panalytics/views/default/map.html: 0
[2015-06-15 13:34:29] EDIT w2panalytics/views/default/map.html: 0
[2015-06-15 13:35:58] EDIT w2panalytics/views/default/map.html: 4
[2015-06-15 13:36:35] EDIT w2panalytics/views/default/map.html: 2
[2015-06-15 13:36:43] EDIT w2panalytics/views/default/map.html: 0
[2015-06-15 13:37:45] EDIT w2panalytics/views/default/map.html: 4
[2015-06-15 13:38:29] EDIT w2panalytics/views/default/map.html: 0
[2015-06-15 13:40:39] EDIT w2panalytics/views/default/map.html: 0
[2015-06-15 13:41:03] EDIT w2panalytics/views/default/map.html: 0
[2015-06-15 13:41:54] EDIT w2panalytics/views/default/map.html: 0
[2015-06-15 13:43:46] EDIT w2panalytics/views/default/map.html: 0
[2015-06-15 13:44:43] EDIT w2panalytics/views/default/map.html: 0
[2015-06-15 13:45:49] EDIT w2panalytics/views/default/map.html: 0
[2015-06-15 13:47:28] EDIT w2panalytics/views/default/map.html: 0
[2015-06-15 14:04:30] EDIT w2panalytics/views/default/map.html: 0
[2015-06-15 14:04:58] EDIT w2panalytics/views/default/map.html: 0
[2015-06-15 14:07:05] EDIT w2panalytics/views/default/map.html: 0
[2015-06-15 14:08:39] EDIT w2panalytics/views/default/map.html: 0
[2015-06-15 14:09:58] EDIT w2panalytics/views/default/map.html: 0
[2015-06-15 14:10:36] EDIT w2panalytics/static/css/standard.css: 0
[2015-06-15 14:11:34] EDIT w2panalytics/views/default/map.html: 0
[2015-06-15 14:11:54] EDIT w2panalytics/static/css/standard.css: 0
[2015-06-15 14:15:38] EDIT w2panalytics/views/default/map.html: 0
[2015-06-15 14:17:04] EDIT w2panalytics/views/default/map.html: 0
[2015-06-15 14:17:31] EDIT w2panalytics/views/default/map.html: 0
[2015-06-15 14:22:08] EDIT w2panalytics/views/default/map.html: 0
[2015-06-15 14:22:43] EDIT w2panalytics/views/default/map.html: 0
[2015-06-15 14:23:57] EDIT w2panalytics/views/default/map.html: 0
[2015-06-15 14:24:23] EDIT w2panalytics/views/default/map.html: 0
[2015-06-15 14:26:01] EDIT w2panalytics/views/default/map.html: 0
[2015-06-15 14:28:30] EDIT w2panalytics/views/default/map.html: 0
[2015-06-15 14:30:37] EDIT w2panalytics/views/default/map.html: 0
[2015-06-15 14:31:27] EDIT w2panalytics/views/default/map.html: 0
[2015-06-15 14:32:36] EDIT w2panalytics/views/default/map.html: 0
[2015-06-15 14:32:58] EDIT w2panalytics/views/default/map.html: 0
[2015-06-15 14:33:28] EDIT w2panalytics/views/default/map.html: 0
[2015-06-15 14:33:46] EDIT w2panalytics/views/default/map.html: 0
[2015-06-15 14:34:16] EDIT w2panalytics/views/default/map.html: 0
[2015-06-15 14:39:30] EDIT w2panalytics/views/default/map.html: 35
[2015-06-15 14:43:17] EDIT w2panalytics/views/default/map.html: 4
[2015-06-15 14:46:29] EDIT w2panalytics/views/default/map.html: 0
[2015-06-15 14:50:55] EDIT w2panalytics/views/default/map.html: 0
[2015-06-15 15:00:51] EDIT w2panalytics/views/default/map.html: 0
[2015-06-15 15:02:44] EDIT w2panalytics/views/default/map.html: 0
[2015-06-15 15:03:59] EDIT w2panalytics/views/default/map.html: 0
[2015-06-15 15:04:39] EDIT w2panalytics/views/default/map.html: 0
[2015-06-15 15:07:09] EDIT w2panalytics/views/default/map.html: 0
[2015-06-15 15:09:08] EDIT w2panalytics/views/default/map.html: 0
[2015-06-15 15:10:33] EDIT w2panalytics/views/default/map.html: 0
[2015-06-15 15:11:08] EDIT w2panalytics/views/default/map.html: 0
[2015-06-15 15:11:52] EDIT w2panalytics/views/default/map.html: 0
[2015-06-15 15:12:35] EDIT w2panalytics/views/default/map.html: 0
[2015-06-15 15:13:40] EDIT w2panalytics/views/default/map.html: 0
[2015-06-15 15:14:25] EDIT w2panalytics/views/default/map.html: 0
[2015-06-15 15:15:47] EDIT w2panalytics/views/default/map.html: 0
[2015-06-15 15:16:41] EDIT w2panalytics/views/default/map.html: 0
[2015-06-15 15:17:52] EDIT w2panalytics/views/default/map.html: 0
[2015-06-15 15:18:51] EDIT w2panalytics/views/default/map.html: 0
[2015-06-15 15:19:33] EDIT w2panalytics/views/default/map.html: 0
[2015-06-15 15:30:18] EDIT w2panalytics/views/default/map.html: 0
[2015-06-15 15:32:17] EDIT w2panalytics/views/default/map.html: 0
[2015-06-15 15:33:54] EDIT w2panalytics/static/js/jquery-multilang/lang.js: 1
[2015-06-15 15:43:08] EDIT w2panalytics/views/default/map.html: 8
[2015-06-15 15:50:03] EDIT w2panalytics/views/default/map.html: 0
[2015-06-15 15:55:29] EDIT w2panalytics/views/default/map.html: -2
[2015-06-15 15:55:46] EDIT w2panalytics/views/default/map.html: -1
[2015-06-15 15:55:55] EDIT w2panalytics/views/default/map.html: 0
[2015-06-15 15:57:00] EDIT w2panalytics/views/default/map.html: -3
[2015-06-15 15:57:10] EDIT w2panalytics/views/default/map.html: 0
[2015-06-15 15:57:50] EDIT w2panalytics/views/default/map.html: 0
[2015-06-15 15:58:43] EDIT w2panalytics/views/default/map.html: 0
[2015-06-15 16:00:05] EDIT w2panalytics/views/default/map.html: 0
[2015-06-15 16:00:52] EDIT w2panalytics/views/default/map.html: 1
[2015-06-15 16:01:13] EDIT w2panalytics/views/default/map.html: 2
[2015-06-15 16:01:46] EDIT w2panalytics/views/default/map.html: 0
[2015-06-15 16:02:09] EDIT w2panalytics/views/default/map.html: 1
[2015-06-15 16:04:06] EDIT w2panalytics/views/default/map.html: 39
[2015-06-15 16:04:27] EDIT w2panalytics/views/default/map.html: 0
[2015-06-15 16:06:41] EDIT w2panalytics/views/default/map.html: 0
[2015-06-15 16:07:16] EDIT w2panalytics/views/default/map.html: 0
[2015-06-15 16:07:37] EDIT w2panalytics/views/default/map.html: 0
[2015-06-15 16:07:59] EDIT w2panalytics/views/default/map.html: 0
[2015-06-15 16:08:41] EDIT w2panalytics/views/default/map.html: 0
[2015-06-15 16:09:17] EDIT w2panalytics/views/default/map.html: 0
[2015-06-15 16:09:52] EDIT w2panalytics/views/default/map.html: 0
[2015-06-15 16:10:25] EDIT w2panalytics/views/default/map.html: 1
[2015-06-15 16:11:28] EDIT w2panalytics/views/default/map.html: 1
[2015-06-15 16:12:39] EDIT w2panalytics/views/default/map.html: 1
[2015-06-15 16:13:55] EDIT w2panalytics/views/default/map.html: -3
[2015-06-15 16:20:34] EDIT w2panalytics/views/default/map.html: 1
[2015-06-15 16:21:49] EDIT w2panalytics/views/default/map.html: 1
[2015-06-15 16:22:14] EDIT w2panalytics/views/default/map.html: 0
[2015-06-15 16:23:48] EDIT w2panalytics/views/default/map.html: 4
[2015-06-15 16:24:22] EDIT w2panalytics/views/default/map.html: -1
[2015-06-15 16:26:47] EDIT w2panalytics/views/default/map.html: -1
[2015-06-15 16:26:59] EDIT w2panalytics/views/default/map.html: 0
[2015-06-15 16:29:31] EDIT w2panalytics/views/layout.html: 14
[2015-06-15 16:29:40] EDIT w2panalytics/views/layout.html: 0
[2015-06-15 16:30:01] EDIT w2panalytics/views/layout.html: -11
[2015-06-15 16:32:01] EDIT w2panalytics/views/default/map.html: -18
[2015-06-15 16:32:37] EDIT w2panalytics/views/layout.html: 0
[2015-06-15 16:36:40] EDIT w2panalytics/views/default/map.html: -2
[2015-06-15 16:39:28] EDIT w2panalytics/views/layout.html: 0
[2015-06-15 16:40:05] EDIT w2panalytics/views/layout.html: 0
[2015-06-15 16:40:20] EDIT w2panalytics/views/layout.html: 0
[2015-06-15 16:40:38] EDIT w2panalytics/views/layout.html: 0
[2015-06-15 16:41:39] EDIT w2panalytics/views/layout.html: 0
[2015-06-15 16:43:31] EDIT w2panalytics/views/layout.html: 0
[2015-06-15 16:44:43] EDIT w2panalytics/views/layout.html: 1
[2015-06-15 16:44:54] EDIT w2panalytics/views/layout.html: 0
[2015-06-15 16:46:53] EDIT w2panalytics/views/layout.html: 0
[2015-06-15 16:47:17] EDIT w2panalytics/views/layout.html: -1
[2015-06-15 16:48:59] EDIT w2panalytics/views/layout.html: 2
[2015-06-15 16:49:27] EDIT w2panalytics/views/layout.html: 1
[2015-06-15 16:49:48] EDIT w2panalytics/views/layout.html: 0
[2015-06-15 16:50:49] EDIT w2panalytics/views/layout.html: 0
[2015-06-15 16:51:00] EDIT w2panalytics/views/layout.html: 0
[2015-06-15 16:52:05] EDIT w2panalytics/views/layout.html: -3
[2015-06-15 16:53:58] EDIT w2panalytics/views/default/map.html: -1
[2015-06-15 16:55:51] EDIT w2panalytics/views/default/map.html: 30
[2015-06-15 16:56:27] EDIT w2panalytics/views/default/map.html: -29
[2015-06-15 16:58:49] EDIT w2panalytics/views/default/map.html: 0
[2015-06-15 16:58:55] EDIT w2panalytics/views/default/map.html: 0
[2015-06-15 16:59:47] EDIT w2panalytics/views/default/map.html: 0
[2015-06-15 17:00:01] EDIT w2panalytics/views/default/map.html: 28
[2015-06-15 17:00:44] EDIT w2panalytics/views/default/map.html: 1
[2015-06-15 17:01:13] EDIT w2panalytics/views/default/map.html: -29
[2015-06-15 17:01:58] EDIT w2panalytics/views/default/map.html: 1
[2015-06-15 17:02:39] EDIT w2panalytics/views/default/map.html: 1
[2015-06-15 17:03:29] EDIT w2panalytics/views/default/map.html: -2
[2015-06-15 17:04:16] EDIT w2panalytics/views/default/map.html: 2
[2015-06-15 17:04:40] EDIT w2panalytics/views/default/map.html: 1
[2015-06-15 17:05:47] EDIT w2panalytics/views/default/map.html: -1
[2015-06-15 17:07:47] EDIT w2panalytics/views/default/map.html: 0
[2015-06-15 17:09:04] EDIT w2panalytics/views/default/map.html: 0
[2015-06-15 17:10:38] EDIT w2panalytics/views/default/map.html: -2
[2015-06-15 17:11:05] EDIT w2panalytics/views/default/map.html: -1
[2015-06-15 17:11:14] EDIT w2panalytics/views/default/map.html: 0
[2015-06-15 17:12:03] EDIT w2panalytics/views/default/map.html: -12
[2015-06-15 17:12:51] EDIT w2panalytics/views/default/map.html: 12
[2015-06-15 17:17:58] EDIT w2panalytics/views/default/map.html: 0
[2015-06-15 17:27:59] EDIT w2panalytics/views/default/map.html: 22
[2015-06-15 17:30:53] EDIT w2panalytics/views/default/map.html: -6
[2015-06-15 17:32:10] EDIT w2panalytics/views/default/map.html: 16
[2015-06-15 17:33:31] EDIT w2panalytics/views/default/map.html: 1
[2015-06-15 17:34:10] EDIT w2panalytics/views/default/map.html: 0
[2015-06-15 17:39:36] EDIT w2panalytics/views/layout.html: 0
[2015-06-15 17:40:03] EDIT w2panalytics/views/layout.html: 0
[2015-06-15 17:41:06] EDIT w2panalytics/views/default/map.html: -1
[2015-06-15 17:41:33] EDIT w2panalytics/views/default/map.html: -15
[2015-06-15 17:42:20] EDIT w2panalytics/views/default/map.html: -19
[2015-06-15 17:44:28] EDIT w2panalytics/views/default/map.html: 1
[2015-06-15 17:44:53] EDIT w2panalytics/views/default/map.html: 1
[2015-06-15 17:45:49] EDIT w2panalytics/views/default/map.html: 0
[2015-06-15 17:46:07] EDIT w2panalytics/views/default/map.html: 0
[2015-06-15 17:46:56] EDIT w2panalytics/views/default/map.html: 1
[2015-06-15 17:47:35] EDIT w2panalytics/views/default/map.html: 0
[2015-06-15 17:48:07] EDIT w2panalytics/views/default/map.html: 2
[2015-06-15 17:48:31] EDIT w2panalytics/views/default/map.html: 0
[2015-06-15 17:49:12] EDIT w2panalytics/views/default/map.html: 27
[2015-06-15 17:50:35] EDIT w2panalytics/views/default/map.html: 0
[2015-06-15 17:51:18] EDIT w2panalytics/views/default/map.html: 0
[2015-06-15 17:52:01] EDIT w2panalytics/views/layout.html: 0
[2015-06-15 17:55:26] EDIT w2panalytics/views/default/map.html: 2
[2015-06-15 17:59:56] EDIT w2panalytics/views/default/map.html: -15
[2015-06-15 18:01:38] EDIT w2panalytics/views/default/map.html: 4
[2015-06-15 18:02:11] EDIT w2panalytics/views/default/map.html: 0
[2015-06-15 18:02:21] EDIT w2panalytics/views/default/map.html: 0
[2015-06-15 19:06:29] EDIT w2panalytics/views/default/map.html: 0
[2015-06-15 19:08:40] EDIT w2panalytics/views/default/map.html: 2
[2015-06-15 19:09:26] EDIT w2panalytics/views/default/map.html: 0
[2015-06-15 19:10:31] EDIT w2panalytics/views/default/map.html: 1
[2015-06-15 19:11:23] EDIT w2panalytics/views/default/map.html: -1
[2015-06-15 19:12:50] EDIT w2panalytics/views/default/map.html: 27
[2015-06-15 19:13:25] EDIT w2panalytics/views/default/map.html: 0
[2015-06-15 19:14:16] EDIT w2panalytics/views/default/map.html: 0
[2015-06-15 19:16:06] EDIT w2panalytics/views/layout.html: 0
[2015-06-15 19:17:41] EDIT w2panalytics/views/default/map.html: 0
[2015-06-17 15:54:01] EDIT w2panalytics/views/default/map.html: 5
[2015-06-17 15:55:16] EDIT w2panalytics/views/default/map.html: 0
[2015-06-17 15:55:56] EDIT w2panalytics/views/default/map.html: 0
[2015-06-17 15:59:15] EDIT w2panalytics/views/default/map.html: 1
[2015-06-17 16:11:59] EDIT w2panalytics/views/default/map.html: -1
[2015-06-17 16:13:35] EDIT w2panalytics/views/layout.html: 0
[2015-06-17 16:15:51] EDIT w2panalytics/views/default/map.html: 0
[2015-06-17 16:18:51] EDIT w2panalytics/views/default/map.html: 1
[2015-06-17 16:19:22] EDIT w2panalytics/views/default/map.html: 0
[2015-06-17 16:23:30] EDIT w2panalytics/views/default/map.html: -4
[2015-06-17 16:26:28] EDIT w2panalytics/views/default/map.html: 1
[2015-06-17 16:27:06] EDIT w2panalytics/views/default/map.html: 0
[2015-06-17 16:27:29] EDIT w2panalytics/views/default/map.html: 0
[2015-06-17 16:34:24] EDIT w2panalytics/views/default/map.html: 1
[2015-06-17 16:36:02] EDIT w2panalytics/static/js/lplot.js: -1
[2015-06-17 16:36:39] EDIT w2panalytics/static/js/lplot.js: -1
[2015-06-17 16:38:05] EDIT w2panalytics/views/default/map.html: 4
[2015-06-17 16:40:34] EDIT w2panalytics/views/default/map.html: 1
[2015-06-17 16:41:10] EDIT w2panalytics/views/default/map.html: 0
[2015-06-17 16:41:57] EDIT w2panalytics/views/layout.html: 0
[2015-06-17 16:43:07] EDIT w2panalytics/views/default/map.html: 1
[2015-06-18 08:48:48] EDIT w2panalytics/views/default/map.html: 0
[2015-06-18 08:49:34] EDIT w2panalytics/views/default/map.html: 0
[2015-06-18 08:50:03] EDIT w2panalytics/views/default/map.html: 0
[2015-06-18 08:51:54] EDIT w2panalytics/views/default/map.html: 0
[2015-06-18 08:52:49] EDIT w2panalytics/views/default/map.html: 0
[2015-06-18 08:53:17] EDIT w2panalytics/views/default/map.html: 0
[2015-06-18 08:54:51] EDIT w2panalytics/views/default/map.html: 2
[2015-06-18 08:55:51] EDIT w2panalytics/views/default/map.html: 0
[2015-06-18 08:57:22] EDIT w2panalytics/static/js/jquery-multilang/lang.js: 0
[2015-06-18 08:58:23] EDIT w2panalytics/static/js/jquery-multilang/lang.js: -1
[2015-06-18 08:58:29] EDIT w2panalytics/static/js/jquery-multilang/lang.js: 1
[2015-06-18 08:59:57] EDIT w2panalytics/static/js/jquery-multilang/lang.js: 34
[2015-06-18 09:23:15] EDIT w2panalytics/views/default/map.html: -2
[2015-06-18 09:23:41] EDIT w2panalytics/views/default/map.html: 0
[2015-06-18 09:23:53] EDIT w2panalytics/views/default/map.html: 0
[2015-06-18 09:24:34] EDIT w2panalytics/views/default/map.html: 0
[2015-06-18 09:25:31] EDIT w2panalytics/views/default/map.html: 0
[2015-06-18 09:25:48] EDIT w2panalytics/views/default/map.html: 0
[2015-06-18 09:27:04] EDIT w2panalytics/views/default/map.html: 0
[2015-06-18 09:27:45] EDIT w2panalytics/views/default/map.html: 0
[2015-06-18 09:33:40] EDIT w2panalytics/views/default/map.html: 0
[2015-06-18 09:34:17] EDIT w2panalytics/views/default/map.html: 0
[2015-06-18 09:36:17] EDIT w2panalytics/views/default/map.html: 0
[2015-06-18 09:38:14] EDIT w2panalytics/views/default/map.html: 1
[2015-06-18 09:38:52] EDIT w2panalytics/views/default/map.html: 0
[2015-06-18 09:39:15] EDIT w2panalytics/views/default/map.html: 0
[2015-06-18 09:40:44] EDIT w2panalytics/views/default/map.html: 25
[2015-06-18 09:41:14] EDIT w2panalytics/views/default/map.html: 0
[2015-06-18 09:55:56] EDIT w2panalytics/views/default/map.html: 4
[2015-06-18 10:06:52] EDIT w2panalytics/views/default/map.html: -27
[2015-06-18 10:09:35] EDIT w2panalytics/views/default/map.html: 3
[2015-06-18 10:15:06] EDIT w2panalytics/views/default/map.html: -2
[2015-06-18 10:17:37] EDIT w2panalytics/views/default/map.html: 4
[2015-06-18 10:17:52] EDIT w2panalytics/views/default/map.html: 0
[2015-06-18 10:23:20] EDIT w2panalytics/views/default/map.html: 24
[2015-06-18 10:23:45] EDIT w2panalytics/views/default/map.html: 0
[2015-06-18 10:24:26] EDIT w2panalytics/views/default/map.html: 0
[2015-06-18 10:24:43] EDIT w2panalytics/views/default/map.html: 0
[2015-06-18 10:26:23] EDIT w2panalytics/views/default/map.html: 0
[2015-06-18 10:26:49] EDIT w2panalytics/views/default/map.html: 0
[2015-06-18 10:27:48] EDIT w2panalytics/views/default/map.html: 1
[2015-06-18 10:30:32] EDIT w2panalytics/views/default/map.html: 2
[2015-06-18 10:31:24] EDIT w2panalytics/views/default/map.html: 1
[2015-06-18 10:32:50] EDIT w2panalytics/views/default/map.html: 0
[2015-06-18 10:35:09] EDIT w2panalytics/views/default/map.html: -34
[2015-06-18 10:35:16] EDIT w2panalytics/views/default/map.html: 0
[2015-06-18 10:36:09] EDIT w2panalytics/views/default/map.html: 0
[2015-06-18 10:38:17] EDIT w2panalytics/views/default/map.html: 7
[2015-06-18 10:42:11] EDIT w2panalytics/views/default/map.html: 0
[2015-06-18 10:42:21] EDIT w2panalytics/views/default/map.html: 0
[2015-06-18 10:44:06] EDIT w2panalytics/views/default/map.html: 1
[2015-06-18 10:44:27] EDIT w2panalytics/views/default/map.html: 0
[2015-06-18 10:45:19] EDIT w2panalytics/views/default/map.html: 0
[2015-06-18 10:45:43] EDIT w2panalytics/views/default/map.html: -1
[2015-06-18 10:47:48] EDIT w2panalytics/controllers/data.py: 0
[2015-06-18 10:48:22] EDIT w2panalytics/controllers/data.py: 0
[2015-06-18 10:51:50] EDIT w2panalytics/controllers/data.py: 0
[2015-06-18 10:52:45] EDIT w2panalytics/controllers/data.py: 0
[2015-06-18 10:54:23] EDIT w2panalytics/controllers/data.py: 0
[2015-06-18 11:04:28] EDIT w2panalytics/views/default/map.html: 0
[2015-06-18 11:05:06] EDIT w2panalytics/views/default/map.html: 0
[2015-06-18 11:14:56] EDIT w2panalytics/views/default/map.html: 42
[2015-06-18 11:15:23] EDIT w2panalytics/views/default/map.html: 0
[2015-06-18 11:15:33] EDIT w2panalytics/views/default/map.html: 0
[2015-06-18 11:16:18] EDIT w2panalytics/views/default/map.html: 0
[2015-06-18 11:47:30] EDIT w2panalytics/static/css/standard.css: 0
[2015-06-18 11:50:28] EDIT w2panalytics/static/css/standard.css: 0
[2015-06-18 11:53:53] EDIT w2panalytics/static/css/standard.css: 0
[2015-06-18 11:58:50] EDIT w2panalytics/static/css/standard.css: 0
[2015-06-18 12:04:30] EDIT w2panalytics/static/css/standard.css: 0
[2015-06-18 12:06:56] EDIT w2panalytics/static/css/standard.css: 0
[2015-06-18 12:07:30] EDIT w2panalytics/static/css/standard.css: 0
[2015-06-18 12:08:09] EDIT w2panalytics/static/css/standard.css: 0
[2015-06-18 12:13:20] EDIT w2panalytics/static/css/standard.css: 0
[2015-06-18 12:14:08] EDIT w2panalytics/static/css/standard.css: 0
[2015-06-18 12:15:00] EDIT w2panalytics/static/css/standard.css: 0
[2015-06-18 12:15:52] EDIT w2panalytics/static/css/standard.css: 0
[2015-06-18 12:16:59] EDIT w2panalytics/static/css/standard.css: 0
[2015-06-18 12:18:03] EDIT w2panalytics/static/css/standard.css: 0
[2015-06-18 12:21:51] EDIT w2panalytics/static/css/standard.css: 0
[2015-06-18 12:22:07] EDIT w2panalytics/static/css/standard.css: 0
[2015-06-18 12:23:10] EDIT w2panalytics/static/css/standard.css: 0
[2015-06-18 12:26:25] EDIT w2panalytics/static/css/standard.css: 0
[2015-06-18 12:26:30] EDIT w2panalytics/static/css/standard.css: 0
[2015-06-18 12:27:01] EDIT w2panalytics/static/css/standard.css: 0
[2015-06-18 12:29:17] EDIT w2panalytics/static/css/standard.css: 0
[2015-06-18 12:30:17] EDIT w2panalytics/static/css/standard.css: 0
[2015-06-18 12:35:20] EDIT w2panalytics/views/default/map.html: 0
[2015-06-18 12:36:04] EDIT w2panalytics/views/default/map.html: 0
[2015-06-18 12:36:20] EDIT w2panalytics/views/default/map.html: 0
[2015-06-18 12:36:55] EDIT w2panalytics/views/default/map.html: 0
[2015-06-18 12:37:38] EDIT w2panalytics/views/default/map.html: 0
[2015-06-18 12:39:32] EDIT w2panalytics/views/default/map.html: 0
[2015-06-18 12:40:29] EDIT w2panalytics/views/default/map.html: 3
[2015-06-18 12:43:09] EDIT w2panalytics/views/default/map.html: 2
[2015-06-18 12:44:57] EDIT w2panalytics/views/default/map.html: 6
[2015-06-18 12:45:53] EDIT w2panalytics/views/default/map.html: 1
[2015-06-18 12:46:31] EDIT w2panalytics/views/default/map.html: 0
[2015-06-18 12:51:47] EDIT w2panalytics/views/default/map.html: 0
[2015-06-18 12:52:18] EDIT w2panalytics/views/default/map.html: 0
[2015-06-18 12:53:52] EDIT w2panalytics/views/default/map.html: 0
[2015-06-18 12:54:23] EDIT w2panalytics/views/default/map.html: 0
[2015-06-18 12:54:35] EDIT w2panalytics/views/default/map.html: 0
[2015-06-18 12:55:18] EDIT w2panalytics/views/default/map.html: 0
[2015-06-18 13:05:45] EDIT w2panalytics/views/layout.html: 3
[2015-06-18 13:06:39] EDIT w2panalytics/views/layout.html: 0
[2015-06-18 13:07:15] EDIT w2panalytics/views/layout.html: -1
[2015-06-18 13:07:47] EDIT w2panalytics/views/layout.html: 1
[2015-06-18 13:08:05] EDIT w2panalytics/views/layout.html: 0
[2015-06-18 13:08:14] EDIT w2panalytics/views/layout.html: 0
[2015-06-18 13:09:27] EDIT w2panalytics/views/layout.html: 4
[2015-06-18 13:10:38] EDIT w2panalytics/views/layout.html: 1
[2015-06-18 13:11:01] EDIT w2panalytics/views/layout.html: -1
[2015-06-18 13:13:02] EDIT w2panalytics/views/layout.html: 1
[2015-06-18 13:15:43] EDIT w2panalytics/static/js/lplot.js: 0
[2015-06-18 13:16:58] EDIT w2panalytics/static/js/lplot.js: 1
[2015-06-18 13:17:45] EDIT w2panalytics/static/js/lplot.js: -1
[2015-06-18 13:18:01] EDIT w2panalytics/static/js/lplot.js: 0
[2015-06-18 13:18:01] EDIT w2panalytics/static/js/lplot.js: 0
[2015-06-18 13:18:43] EDIT w2panalytics/static/js/lplot.js: 0
[2015-06-18 13:19:01] EDIT w2panalytics/static/js/lplot.js: 0
[2015-06-18 13:19:57] EDIT w2panalytics/static/js/lplot.js: 1
[2015-06-18 13:21:16] EDIT w2panalytics/static/js/lplot.js: -1
[2015-06-18 13:22:24] EDIT w2panalytics/static/js/lplot.js: -1
[2015-06-18 13:23:26] EDIT w2panalytics/static/js/lplot.js: 2
[2015-06-18 13:24:10] EDIT w2panalytics/static/js/lplot.js: -1
[2015-06-18 13:24:18] EDIT w2panalytics/static/js/lplot.js: 0
[2015-06-18 13:25:31] EDIT w2panalytics/views/layout.html: -6
[2015-06-18 13:25:43] EDIT w2panalytics/views/layout.html: -1
[2015-06-18 13:26:26] EDIT w2panalytics/static/js/lplot.js: 1
[2015-06-18 13:27:08] EDIT w2panalytics/static/js/lplot.js: 0
[2015-06-18 13:28:01] EDIT w2panalytics/static/js/lplot.js: 0
[2015-06-18 13:29:06] EDIT w2panalytics/static/js/lplot.js: 0
[2015-06-18 13:29:30] EDIT w2panalytics/static/js/lplot.js: 0
[2015-06-18 13:29:47] EDIT w2panalytics/static/js/lplot.js: 0
[2015-06-18 14:31:06] EDIT w2panalytics/views/default/map.html: 0
[2015-06-18 14:32:33] EDIT w2panalytics/views/default/map.html: 0
[2015-06-18 14:35:41] EDIT w2panalytics/views/default/map.html: 0
[2015-06-18 14:37:25] EDIT w2panalytics/views/default/map.html: 2
[2015-06-18 14:38:15] EDIT w2panalytics/views/default/map.html: 0
[2015-06-18 14:38:44] EDIT w2panalytics/views/default/map.html: 0
[2015-06-18 14:39:34] EDIT w2panalytics/views/default/map.html: -1
[2015-06-18 14:41:41] EDIT w2panalytics/views/default/map.html: 1
[2015-06-18 14:42:03] EDIT w2panalytics/views/default/map.html: 0
[2015-06-18 14:42:15] EDIT w2panalytics/views/default/map.html: 0
[2015-06-18 14:42:55] EDIT w2panalytics/views/default/map.html: 0
[2015-06-22 11:22:46] EDIT w2panalytics/views/default/map.html: 4
[2015-06-22 15:06:24] EDIT w2panalytics/static/js/lplot.js: 2
[2015-06-22 15:07:00] EDIT w2panalytics/static/js/lplot.js: 0
[2015-06-22 15:07:49] EDIT w2panalytics/static/js/lplot.js: 0
[2015-06-22 15:08:16] EDIT w2panalytics/static/js/lplot.js: -2
[2015-06-22 15:08:32] EDIT w2panalytics/static/js/lplot.js: 1
[2015-06-22 15:09:06] EDIT w2panalytics/static/js/lplot.js: 1
[2015-06-22 15:10:10] EDIT w2panalytics/static/js/lplot.js: 0
[2015-06-22 15:10:49] EDIT w2panalytics/static/js/lplot.js: 1
[2015-06-22 15:15:27] EDIT w2panalytics/static/js/lplot.js: 0
[2015-06-22 15:17:54] EDIT w2panalytics/static/js/lplot.js: -3
[2015-06-22 15:27:00] EDIT w2panalytics/static/js/lplot.js: 0
[2015-06-22 15:28:32] EDIT w2panalytics/static/css/standard.css: 0
[2015-06-22 15:30:06] EDIT w2panalytics/static/js/lplot.js: 4
[2015-06-22 15:33:56] EDIT w2panalytics/static/js/lplot.js: 0
[2015-06-22 15:34:33] EDIT w2panalytics/static/js/lplot.js: 0
[2015-06-22 15:34:52] EDIT w2panalytics/static/js/lplot.js: 0
[2015-06-22 15:38:20] EDIT w2panalytics/static/js/lplot.js: 9
[2015-06-22 15:40:02] EDIT w2panalytics/static/js/lplot.js: -9
[2015-06-22 15:50:16] EDIT w2panalytics/views/default/console.html: 2
[2015-06-22 15:54:01] EDIT w2panalytics/views/default/console.html: 5
[2015-06-22 15:54:32] EDIT w2panalytics/views/default/console.html: 0
[2015-06-22 15:55:37] EDIT w2panalytics/views/default/console.html: 0
[2015-06-22 15:55:54] EDIT w2panalytics/views/default/console.html: 0
[2015-06-22 15:56:16] EDIT w2panalytics/views/default/console.html: 0
[2015-06-22 15:56:55] EDIT w2panalytics/views/default/console.html: 0
[2015-06-22 16:00:55] EDIT w2panalytics/views/default/console.html: 1
[2015-06-22 16:02:21] EDIT w2panalytics/views/default/console.html: -6
[2015-06-22 16:02:53] EDIT w2panalytics/views/default/console.html: 8
[2015-06-22 16:03:49] EDIT w2panalytics/views/default/console.html: 0
[2015-06-22 16:04:06] EDIT w2panalytics/views/default/console.html: 0
[2015-06-22 16:07:07] EDIT w2panalytics/views/default/console.html: -4
[2015-06-22 16:07:23] EDIT w2panalytics/views/default/console.html: -1
[2015-06-22 16:07:50] EDIT w2panalytics/views/default/console.html: 3
[2015-06-22 16:08:04] EDIT w2panalytics/views/default/console.html: 0
[2015-06-22 16:09:13] EDIT w2panalytics/views/default/console.html: 0
[2015-06-22 16:16:25] EDIT w2panalytics/views/default/console.html: -4
[2015-06-22 16:20:29] EDIT w2panalytics/views/default/console.html: 0
[2015-06-22 16:22:19] EDIT w2panalytics/views/default/console.html: 0
[2015-06-22 16:22:34] EDIT w2panalytics/views/default/console.html: 0
[2015-06-22 16:23:02] EDIT w2panalytics/views/default/console.html: 0
[2015-06-22 16:27:01] EDIT w2panalytics/views/default/console.html: 0
[2015-06-22 16:27:13] EDIT w2panalytics/views/default/console.html: 0
[2015-06-22 16:28:19] EDIT w2panalytics/views/default/console.html: 0
[2015-06-22 16:28:21] EDIT w2panalytics/views/default/console.html: 0
